<?xml version="1.0" encoding="UTF-8"?>
<testsuite name="rspec" tests="2" skipped="0" failures="0" errors="0"
           time="0.129" timestamp="2026-01-15T10:00:00+00:00"
           hostname="ci-runner-1">
  <testcase classname="User when admin"
            name="has admin privileges"
            file="./spec/models/user_spec.rb"
            time="0.065">
  </testcase>
  <testcase classname="ServiceAccount when admin"
            name="has admin privileges"
            file="./spec/models/user_spec.rb"
            time="0.064">
  </testcase>
</testsuite>
