<?xml version="1.0" encoding="UTF-8" ?>
<testsuites name="vitest tests" tests="1" failures="0" errors="0" time="0.089">
  <testsuite name="src/services/__tests__/cache.test.ts"
             timestamp="2026-03-15T14:22:15.000Z"
             hostname="ci-runner-1"
             tests="1" failures="0" errors="0" skipped="0"
             time="0.089">
    <testcase classname="src/services/__tests__/cache.test.ts"
              name="CacheService > get > should return undefined for expired entries"
              time="0.089">
    </testcase>
  </testsuite>
</testsuites>
