<?xml version="1.0" encoding="UTF-8" ?>
<testsuites name="vitest tests" tests="4" failures="1" errors="0" time="2.345">
  <testsuite name="src/services/__tests__/cache.test.ts"
             timestamp="2026-03-15T14:22:10.000Z"
             hostname="ci-runner-1"
             tests="4" failures="1" errors="0" skipped="0"
             time="2.345">
    <testcase classname="src/services/__tests__/cache.test.ts"
              name="CacheService > get > should return cached value"
              time="0.023">
    </testcase>
    <testcase classname="src/services/__tests__/cache.test.ts"
              name="CacheService > get > should return undefined for expired entries"
              time="1.567">
      <failure message="AssertionError: expected undefined to be 'cached-value'" type="AssertionError">
AssertionError: expected undefined to be 'cached-value'
 ❯ src/services/__tests__/cache.test.ts:29:18
     27|     cache.set('key', 'cached-value', { ttl: 50 });
     28|     await sleep(60);
     29|     expect(cache.get('key')).toBe(undefined);
       |                    ^
     30|   });
     31| });
      </failure>
    </testcase>
    <testcase classname="src/services/__tests__/cache.test.ts"
              name="CacheService > set > should store value with TTL"
              time="0.015">
    </testcase>
    <testcase classname="src/services/__tests__/cache.test.ts"
              name="CacheService > delete > should remove cached entry"
              time="0.011">
    </testcase>
  </testsuite>
</testsuites>
