<?xml version="1.0" encoding="UTF-8" ?>
<testsuites name="vitest tests" tests="2" failures="0" errors="0" time="0.345">
  <testsuite name="src/utils/__tests__/string.test.ts"
             timestamp="2026-03-15T14:22:10.000Z"
             hostname="ci-runner-1"
             tests="2" failures="0" errors="0" skipped="0"
             time="0.345">
    <testcase classname="src/utils/__tests__/string.test.ts"
              name="StringUtils > capitalize > should capitalize first letter"
              time="0.012">
    </testcase>
    <testcase classname="src/utils/__tests__/string.test.ts"
              name="StringUtils > truncate > should truncate long strings"
