<?xml version="1.0" encoding="UTF-8" ?>
<testsuites name="vitest tests" tests="2" failures="0" errors="0" time="0.015">
  <testsuite name="src/processor.test.ts"
             timestamp="2026-01-15T10:00:00.000Z"
             hostname="ci-runner-1"
             tests="2" failures="0" errors="0" skipped="0"
             time="0.015">
    <testcase classname="src/processor.test.ts"
              name="processes foo with count 1"
              time="0.008">
    </testcase>
    <testcase classname="src/processor.test.ts"
              name="processes bar with count 2"
              time="0.007">
    </testcase>
  </testsuite>
</testsuites>
