<?xml version="1.0" encoding="UTF-8"?>
<testsuites name="jest tests" tests="4" failures="1" errors="0" time="3.891">
  <testsuite name="__tests__/services/user.test.js" tests="4" errors="0" failures="1" skipped="0"
             timestamp="2026-03-15T14:22:10" time="3.891">
    <testcase classname="UserService createUser" name="should create user with valid data"
              file="__tests__/services/user.test.js" time="0.156">
    </testcase>
    <testcase classname="UserService createUser" name="should hash the password"
              file="__tests__/services/user.test.js" time="0.098">
    </testcase>
    <testcase classname="UserService fetchProfile" name="should return cached profile"
              file="__tests__/services/user.test.js" time="2.501">
      <failure message="Timeout - Async callback was not invoked within the 2000 ms timeout" type="Error">
Error: Timeout - Async callback was not invoked within the 2000 ms timeout specified by jest.setTimeout.
    at mapper (node_modules/jest-jasmine2/build/queueRunner.js:27:45)
    at Object.&lt;anonymous&gt; (__tests__/services/user.test.js:67:5)
      </failure>
    </testcase>
    <testcase classname="UserService deleteUser" name="should soft-delete the user"
              file="__tests__/services/user.test.js" time="0.074">
    </testcase>
  </testsuite>
</testsuites>
