<?xml version="1.0" encoding="UTF-8"?>
<testsuites name="jest tests" tests="2" failures="0" errors="0" time="1.234">
  <testsuite name="__tests__/broken.test.js" tests="2" errors="0" failures="0" skipped="0"
             timestamp="2026-03-15T14:22:10" time="1.234">
    <testcase classname="BrokenTest" name="should work"
              file="__tests__/broken.test.js" time="0.045">
    </testcase>
    <testcase classname="BrokenTest" name="should also work"
              file="__tests__/broken.test.js" time="0.032
